573242264795:ENCOLADO ans_9fa8a155-46d5-4db1-8215-a2b8bf3496a5
EJECUTANDO:ans_9fa8a155-46d5-4db1-8215-a2b8bf3496a5
573242264795:SUCCESS
573242264795:ENCOLADO ans_b69f715d-fe1f-4f8a-8a8b-6a4930e893ec
EJECUTANDO:ans_b69f715d-fe1f-4f8a-8a8b-6a4930e893ec
573242264795:SUCCESS
573242264795:ENCOLADO ans_c08e8847-96ee-4743-be2f-43d6b4b44f5a
EJECUTANDO:ans_c08e8847-96ee-4743-be2f-43d6b4b44f5a
573242264795:SUCCESS
573242264795:ENCOLADO ans_c8220cd5-a417-48b3-9946-de972614ea34
EJECUTANDO:ans_c8220cd5-a417-48b3-9946-de972614ea34
573242264795:SUCCESS
573242264795:ENCOLADO ans_9fa8a155-46d5-4db1-8215-a2b8bf3496a5
EJECUTANDO:ans_9fa8a155-46d5-4db1-8215-a2b8bf3496a5
573242264795:SUCCESS
573242264795:ENCOLADO ans_b69f715d-fe1f-4f8a-8a8b-6a4930e893ec
EJECUTANDO:ans_b69f715d-fe1f-4f8a-8a8b-6a4930e893ec
573242264795:SUCCESS
573242264795:ENCOLADO ans_96b14da3-c52c-42d4-addd-5f1eb22392f6
EJECUTANDO:ans_96b14da3-c52c-42d4-addd-5f1eb22392f6
573242264795:SUCCESS
